#
# There is insufficient memory for the Java Runtime Environment to continue.
# Native memory allocation (malloc) failed to allocate 826576 bytes for Chunk::new
# Possible reasons:
#   The system is out of physical RAM or swap space
#   In 32 bit mode, the process size limit was hit
# Possible solutions:
#   Reduce memory load on the system
#   Increase physical memory or swap space
#   Check if swap backing store is full
#   Use 64 bit Java on a 64 bit OS
#   Decrease Java heap size (-Xmx/-Xms)
#   Decrease number of Java threads
#   Decrease Java thread stack sizes (-Xss)
#   Set larger code cache with -XX:ReservedCodeCacheSize=
# This output file may be truncated or incomplete.
#
#  Out of Memory Error (allocation.cpp:388), pid=9708, tid=6744
#
# JRE version: Java(TM) SE Runtime Environment (8.0_05-b13) (build 1.8.0_05-b13)
# Java VM: Java HotSpot(TM) 64-Bit Server VM (25.5-b02 mixed mode windows-amd64 compressed oops)
# Failed to write core dump. Minidumps are not enabled by default on client versions of Windows
#

---------------  T H R E A D  ---------------

Current thread (0x0000000059672800):  JavaThread "C2 CompilerThread0" daemon [_thread_in_native, id=6744, stack(0x0000000059cc0000,0x0000000059dc0000)]

Stack: [0x0000000059cc0000,0x0000000059dc0000]
[error occurred during error reporting (printing stack bounds), id 0xc0000005]

Native frames: (J=compiled Java code, j=interpreted, Vv=VM code, C=native code)
V  [jvm.dll+0x308dea]


Current CompileTask:
C2:  25350 2191       4       java.text.SimpleDateFormat::subFormat (1260 bytes)


---------------  P R O C E S S  ---------------

Java Threads: ( => current thread )
  0x00000000596f7000 JavaThread "Service Thread" daemon [_thread_blocked, id=7028, stack(0x0000000059dd0000,0x0000000059ed0000)]
  0x000000005967b800 JavaThread "C1 CompilerThread2" daemon [_thread_blocked, id=1380, stack(0x000000005a0d0000,0x000000005a1d0000)]
  0x000000005967a000 JavaThread "C2 CompilerThread1" daemon [_thread_blocked, id=4268, stack(0x0000000059ed0000,0x0000000059fd0000)]
=>0x0000000059672800 JavaThread "C2 CompilerThread0" daemon [_thread_in_native, id=6744, stack(0x0000000059cc0000,0x0000000059dc0000)]
  0x0000000057835000 JavaThread "Attach Listener" daemon [_thread_blocked, id=11072, stack(0x0000000059ab0000,0x0000000059bb0000)]
  0x0000000057834000 JavaThread "Signal Dispatcher" daemon [_thread_blocked, id=3940, stack(0x0000000059430000,0x0000000059530000)]
  0x00000000577d6000 JavaThread "Finalizer" daemon [_thread_blocked, id=2692, stack(0x0000000059570000,0x0000000059670000)]
  0x00000000577cb000 JavaThread "Reference Handler" daemon [_thread_blocked, id=6356, stack(0x00000000592b0000,0x00000000593b0000)]
  0x000000000230e000 JavaThread "main" [_thread_blocked, id=6420, stack(0x0000000002310000,0x0000000002410000)]

Other Threads:
  0x00000000577c7800 VMThread [stack: 0x0000000059130000,0x0000000059230000] [id=10996]

VM state:at safepoint (normal execution)

VM Mutex/Monitor currently owned by a thread:  ([mutex/lock_event])
[0x000000000230c730] Threads_lock - owner thread: 0x00000000577c7800

Heap:
 PSYoungGen      total 247808K, used 74741K [0x00000000d5580000, 0x00000000e6500000, 0x0000000100000000)
  eden space 231424K, 25% used [0x00000000d5580000,0x00000000d8e7d638,0x00000000e3780000)
  from space 16384K, 100% used [0x00000000e4c00000,0x00000000e5c00000,0x00000000e5c00000)
  to   space 20992K, 0% used [0x00000000e3780000,0x00000000e3780000,0x00000000e4c00000)
 ParOldGen       total 129536K, used 32126K [0x0000000080000000, 0x0000000087e80000, 0x00000000d5580000)
  object space 129536K, 24% used [0x0000000080000000,0x0000000081f5fbb8,0x0000000087e80000)
 Metaspace       used 13218K, capacity 13376K, committed 13696K, reserved 1060864K
  class space    used 1537K, capacity 1596K, committed 1664K, reserved 1048576K

Card table byte_map: [0x0000000011bf0000,0x0000000012000000] byte_map_base: 0x00000000117f0000

Marking Bits: (ParMarkBitMap*) 0x00000000582113b0
 Begin Bits: [0x0000000012a40000, 0x0000000014a40000)
 End Bits:   [0x0000000014a40000, 0x0000000016a40000)

Polling page: 0x0000000000330000

CodeCache: size=245760Kb used=8208Kb max_used=8208Kb free=237551Kb
 bounds [0x0000000002830000, 0x0000000003040000, 0x0000000011830000]
 total_blobs=2702 nmethods=2327 adapters=288
 compilation: enabled

Compilation events (10 events):
Event: 25.318 Thread 0x000000005967b800 nmethod 2321 0x000000000301eb90 code [0x000000000301ed20, 0x000000000301f098]
Event: 25.321 Thread 0x000000005967b800 2322       2       java.lang.ThreadLocal::get (38 bytes)
Event: 25.321 Thread 0x000000005967b800 nmethod 2322 0x0000000003024790 code [0x0000000003024920, 0x0000000003024b28]
Event: 25.321 Thread 0x000000005967b800 2323       3       java.util.Locale::getCountry (8 bytes)
Event: 25.321 Thread 0x000000005967b800 nmethod 2323 0x0000000003024c90 code [0x0000000003024de0, 0x0000000003024fd0]
Event: 25.321 Thread 0x000000005967b800 2324       3       java.text.DecimalFormat::append (94 bytes)
Event: 25.322 Thread 0x000000005967b800 nmethod 2324 0x0000000003025090 code [0x0000000003025240, 0x0000000003025c58]
Event: 25.322 Thread 0x000000005967b800 2325       3       java.text.DecimalFormat::subformat (1238 bytes)
Event: 25.332 Thread 0x000000005967a000 nmethod 2316 0x0000000003029e10 code [0x0000000003029fc0, 0x000000000302b108]
Event: 25.332 Thread 0x000000005967a000 2320   !   4       java.io.BufferedWriter::write (117 bytes)

GC Heap History (10 events):
Event: 5.036 GC heap before
{Heap before GC invocations=22 (full 0):
 PSYoungGen      total 96256K, used 96256K [0x00000000d5580000, 0x00000000ddb80000, 0x0000000100000000)
  eden space 94208K, 100% used [0x00000000d5580000,0x00000000db180000,0x00000000db180000)
  from space 2048K, 100% used [0x00000000db180000,0x00000000db380000,0x00000000db380000)
  to   space 2560K, 0% used [0x00000000dd900000,0x00000000dd900000,0x00000000ddb80000)
 ParOldGen       total 129536K, used 3510K [0x0000000080000000, 0x0000000087e80000, 0x00000000d5580000)
  object space 129536K, 2% used [0x0000000080000000,0x000000008036db98,0x0000000087e80000)
 Metaspace       used 12845K, capacity 13024K, committed 13184K, reserved 1060864K
  class space    used 1497K, capacity 1564K, committed 1664K, reserved 1048576K
Event: 5.046 GC heap after
Heap after GC invocations=22 (full 0):
 PSYoungGen      total 134144K, used 1952K [0x00000000d5580000, 0x00000000ddc80000, 0x0000000100000000)
  eden space 131584K, 0% used [0x00000000d5580000,0x00000000d5580000,0x00000000dd600000)
  from space 2560K, 76% used [0x00000000dd900000,0x00000000ddae8000,0x00000000ddb80000)
  to   space 3072K, 0% used [0x00000000dd600000,0x00000000dd600000,0x00000000dd900000)
 ParOldGen       total 129536K, used 3534K [0x0000000080000000, 0x0000000087e80000, 0x00000000d5580000)
  object space 129536K, 2% used [0x0000000080000000,0x0000000080373b98,0x0000000087e80000)
 Metaspace       used 12845K, capacity 13024K, committed 13184K, reserved 1060864K
  class space    used 1497K, capacity 1564K, committed 1664K, reserved 1048576K
}
Event: 9.102 GC heap before
{Heap before GC invocations=23 (full 0):
 PSYoungGen      total 134144K, used 133536K [0x00000000d5580000, 0x00000000ddc80000, 0x0000000100000000)
  eden space 131584K, 100% used [0x00000000d5580000,0x00000000dd600000,0x00000000dd600000)
  from space 2560K, 76% used [0x00000000dd900000,0x00000000ddae8000,0x00000000ddb80000)
  to   space 3072K, 0% used [0x00000000dd600000,0x00000000dd600000,0x00000000dd900000)
 ParOldGen       total 129536K, used 3534K [0x0000000080000000, 0x0000000087e80000, 0x00000000d5580000)
  object space 129536K, 2% used [0x0000000080000000,0x0000000080373b98,0x0000000087e80000)
 Metaspace       used 12850K, capacity 13024K, committed 13184K, reserved 1060864K
  class space    used 1497K, capacity 1564K, committed 1664K, reserved 1048576K
Event: 9.165 GC heap after
Heap after GC invocations=23 (full 0):
 PSYoungGen      total 134656K, used 3072K [0x00000000d5580000, 0x00000000e1880000, 0x0000000100000000)
  eden space 131584K, 0% used [0x00000000d5580000,0x00000000d5580000,0x00000000dd600000)
  from space 3072K, 100% used [0x00000000dd600000,0x00000000dd900000,0x00000000dd900000)
  to   space 7680K, 0% used [0x00000000e1100000,0x00000000e1100000,0x00000000e1880000)
 ParOldGen       total 129536K, used 14230K [0x0000000080000000, 0x0000000087e80000, 0x00000000d5580000)
  object space 129536K, 10% used [0x0000000080000000,0x0000000080de5b98,0x0000000087e80000)
 Metaspace       used 12850K, capacity 13024K, committed 13184K, reserved 1060864K
  class space    used 1497K, capacity 1564K, committed 1664K, reserved 1048576K
}
Event: 13.168 GC heap before
{Heap before GC invocations=24 (full 0):
 PSYoungGen      total 134656K, used 134656K [0x00000000d5580000, 0x00000000e1880000, 0x0000000100000000)
  eden space 131584K, 100% used [0x00000000d5580000,0x00000000dd600000,0x00000000dd600000)
  from space 3072K, 100% used [0x00000000dd600000,0x00000000dd900000,0x00000000dd900000)
  to   space 7680K, 0% used [0x00000000e1100000,0x00000000e1100000,0x00000000e1880000)
 ParOldGen       total 129536K, used 14230K [0x0000000080000000, 0x0000000087e80000, 0x00000000d5580000)
  object space 129536K, 10% used [0x0000000080000000,0x0000000080de5b98,0x0000000087e80000)
 Metaspace       used 12862K, capacity 13024K, committed 13184K, reserved 1060864K
  class space    used 1498K, capacity 1564K, committed 1664K, reserved 1048576K
Event: 13.214 GC heap after
Heap after GC invocations=24 (full 0):
 PSYoungGen      total 188928K, used 7680K [0x00000000d5580000, 0x00000000e1e80000, 0x0000000100000000)
  eden space 181248K, 0% used [0x00000000d5580000,0x00000000d5580000,0x00000000e0680000)
  from space 7680K, 100% used [0x00000000e1100000,0x00000000e1880000,0x00000000e1880000)
  to   space 10752K, 0% used [0x00000000e0680000,0x00000000e0680000,0x00000000e1100000)
 ParOldGen       total 129536K, used 19334K [0x0000000080000000, 0x0000000087e80000, 0x00000000d5580000)
  object space 129536K, 14% used [0x0000000080000000,0x00000000812e1b98,0x0000000087e80000)
 Metaspace       used 12862K, capacity 13024K, committed 13184K, reserved 1060864K
  class space    used 1498K, capacity 1564K, committed 1664K, reserved 1048576K
}
Event: 18.641 GC heap before
{Heap before GC invocations=25 (full 0):
 PSYoungGen      total 188928K, used 188928K [0x00000000d5580000, 0x00000000e1e80000, 0x0000000100000000)
  eden space 181248K, 100% used [0x00000000d5580000,0x00000000e0680000,0x00000000e0680000)
  from space 7680K, 100% used [0x00000000e1100000,0x00000000e1880000,0x00000000e1880000)
  to   space 10752K, 0% used [0x00000000e0680000,0x00000000e0680000,0x00000000e1100000)
 ParOldGen       total 129536K, used 19334K [0x0000000080000000, 0x0000000087e80000, 0x00000000d5580000)
  object space 129536K, 14% used [0x0000000080000000,0x00000000812e1b98,0x0000000087e80000)
 Metaspace       used 12862K, capacity 13024K, committed 13184K, reserved 1060864K
  class space    used 1498K, capacity 1564K, committed 1664K, reserved 1048576K
Event: 18.712 GC heap after
Heap after GC invocations=25 (full 0):
 PSYoungGen      total 192000K, used 10752K [0x00000000d5580000, 0x00000000e5c00000, 0x0000000100000000)
  eden space 181248K, 0% used [0x00000000d5580000,0x00000000d5580000,0x00000000e0680000)
  from space 10752K, 100% used [0x00000000e0680000,0x00000000e1100000,0x00000000e1100000)
  to   space 16384K, 0% used [0x00000000e4c00000,0x00000000e4c00000,0x00000000e5c00000)
 ParOldGen       total 129536K, used 28758K [0x0000000080000000, 0x0000000087e80000, 0x00000000d5580000)
  object space 129536K, 22% used [0x0000000080000000,0x0000000081c15bb8,0x0000000087e80000)
 Metaspace       used 12862K, capacity 13024K, committed 13184K, reserved 1060864K
  class space    used 1498K, capacity 1564K, committed 1664K, reserved 1048576K
}
Event: 23.930 GC heap before
{Heap before GC invocations=26 (full 0):
 PSYoungGen      total 192000K, used 192000K [0x00000000d5580000, 0x00000000e5c00000, 0x0000000100000000)
  eden space 181248K, 100% used [0x00000000d5580000,0x00000000e0680000,0x00000000e0680000)
  from space 10752K, 100% used [0x00000000e0680000,0x00000000e1100000,0x00000000e1100000)
  to   space 16384K, 0% used [0x00000000e4c00000,0x00000000e4c00000,0x00000000e5c00000)
 ParOldGen       total 129536K, used 28758K [0x0000000080000000, 0x0000000087e80000, 0x00000000d5580000)
  object space 129536K, 22% used [0x0000000080000000,0x0000000081c15bb8,0x0000000087e80000)
 Metaspace       used 12862K, capacity 13024K, committed 13184K, reserved 1060864K
  class space    used 1498K, capacity 1564K, committed 1664K, reserved 1048576K
Event: 23.998 GC heap after
Heap after GC invocations=26 (full 0):
 PSYoungGen      total 247808K, used 16384K [0x00000000d5580000, 0x00000000e6500000, 0x0000000100000000)
  eden space 231424K, 0% used [0x00000000d5580000,0x00000000d5580000,0x00000000e3780000)
  from space 16384K, 100% used [0x00000000e4c00000,0x00000000e5c00000,0x00000000e5c00000)
  to   space 20992K, 0% used [0x00000000e3780000,0x00000000e3780000,0x00000000e4c00000)
 ParOldGen       total 129536K, used 32126K [0x0000000080000000, 0x0000000087e80000, 0x00000000d5580000)
  object space 129536K, 24% used [0x0000000080000000,0x0000000081f5fbb8,0x0000000087e80000)
 Metaspace       used 12862K, capacity 13024K, committed 13184K, reserved 1060864K
  class space    used 1498K, capacity 1564K, committed 1664K, reserved 1048576K
}

Deoptimization events (10 events):
Event: 25.232 Thread 0x000000000230e000 Uncommon trap: reason=class_check action=maybe_recompile pc=0x0000000002eb2328 method=java.util.regex.Matcher.search(I)Z @ 86
Event: 25.232 Thread 0x000000000230e000 Uncommon trap: reason=class_check action=maybe_recompile pc=0x0000000002eb2328 method=java.util.regex.Matcher.search(I)Z @ 86
Event: 25.232 Thread 0x000000000230e000 Uncommon trap: reason=class_check action=maybe_recompile pc=0x0000000002eb2328 method=java.util.regex.Matcher.search(I)Z @ 86
Event: 25.232 Thread 0x000000000230e000 Uncommon trap: reason=class_check action=maybe_recompile pc=0x0000000002c64a54 method=java.lang.AbstractStringBuilder.append(Ljava/lang/CharSequence;)Ljava/lang/AbstractStringBuilder; @ 10
Event: 25.232 Thread 0x000000000230e000 Uncommon trap: reason=class_check action=maybe_recompile pc=0x0000000002c64a54 method=java.lang.AbstractStringBuilder.append(Ljava/lang/CharSequence;)Ljava/lang/AbstractStringBuilder; @ 10
Event: 25.232 Thread 0x000000000230e000 Uncommon trap: reason=class_check action=maybe_recompile pc=0x0000000002c64a54 method=java.lang.AbstractStringBuilder.append(Ljava/lang/CharSequence;)Ljava/lang/AbstractStringBuilder; @ 10
Event: 25.232 Thread 0x000000000230e000 Uncommon trap: reason=class_check action=maybe_recompile pc=0x0000000002c64a54 method=java.lang.AbstractStringBuilder.append(Ljava/lang/CharSequence;)Ljava/lang/AbstractStringBuilder; @ 10
Event: 25.243 Thread 0x000000000230e000 Uncommon trap: reason=unreached action=reinterpret pc=0x0000000002cc38c4 method=java.lang.Throwable.getOurStackTrace()[Ljava/lang/StackTraceElement; @ 7
Event: 25.267 Thread 0x000000000230e000 Uncommon trap: reason=bimorphic action=maybe_recompile pc=0x0000000002e385a8 method=java.util.regex.Pattern$SliceNode.study(Ljava/util/regex/Pattern$TreeInfo;)Z @ 33
Event: 25.267 Thread 0x000000000230e000 Uncommon trap: reason=bimorphic action=maybe_recompile pc=0x0000000002e385a8 method=java.util.regex.Pattern$SliceNode.study(Ljava/util/regex/Pattern$TreeInfo;)Z @ 33

Internal exceptions (10 events):
Event: 25.282 Thread 0x000000000230e000 Exception <a 'java/security/PrivilegedActionException'> (0x00000000d875f8a0) thrown at [D:\re\workspace\8-2-build-windows-amd64-cygwin\jdk8u5\2488\hotspot\src\share\vm\prims\jvm.cpp, line 1248]
Event: 25.286 Thread 0x000000000230e000 Exception <a 'java/security/PrivilegedActionException'> (0x00000000d88570c0) thrown at [D:\re\workspace\8-2-build-windows-amd64-cygwin\jdk8u5\2488\hotspot\src\share\vm\prims\jvm.cpp, line 1248]
Event: 25.287 Thread 0x000000000230e000 Exception <a 'java/security/PrivilegedActionException'> (0x00000000d889cc58) thrown at [D:\re\workspace\8-2-build-windows-amd64-cygwin\jdk8u5\2488\hotspot\src\share\vm\prims\jvm.cpp, line 1248]
Event: 25.292 Thread 0x000000000230e000 Exception <a 'java/security/PrivilegedActionException'> (0x00000000d891daf8) thrown at [D:\re\workspace\8-2-build-windows-amd64-cygwin\jdk8u5\2488\hotspot\src\share\vm\prims\jvm.cpp, line 1248]
Event: 25.309 Thread 0x000000000230e000 Exception <a 'java/security/PrivilegedActionException'> (0x00000000d8a1ef68) thrown at [D:\re\workspace\8-2-build-windows-amd64-cygwin\jdk8u5\2488\hotspot\src\share\vm\prims\jvm.cpp, line 1248]
Event: 25.309 Thread 0x000000000230e000 Exception <a 'java/security/PrivilegedActionException'> (0x00000000d8a25738) thrown at [D:\re\workspace\8-2-build-windows-amd64-cygwin\jdk8u5\2488\hotspot\src\share\vm\prims\jvm.cpp, line 1248]
Event: 25.310 Thread 0x000000000230e000 Exception <a 'java/security/PrivilegedActionException'> (0x00000000d8a2ee38) thrown at [D:\re\workspace\8-2-build-windows-amd64-cygwin\jdk8u5\2488\hotspot\src\share\vm\prims\jvm.cpp, line 1248]
Event: 25.310 Thread 0x000000000230e000 Exception <a 'java/security/PrivilegedActionException'> (0x00000000d8a357a8) thrown at [D:\re\workspace\8-2-build-windows-amd64-cygwin\jdk8u5\2488\hotspot\src\share\vm\prims\jvm.cpp, line 1248]
Event: 25.311 Thread 0x000000000230e000 Exception <a 'java/security/PrivilegedActionException'> (0x00000000d8a3b750) thrown at [D:\re\workspace\8-2-build-windows-amd64-cygwin\jdk8u5\2488\hotspot\src\share\vm\prims\jvm.cpp, line 1248]
Event: 25.319 Thread 0x000000000230e000 Exception <a 'java/security/PrivilegedActionException'> (0x00000000d8bde1f8) thrown at [D:\re\workspace\8-2-build-windows-amd64-cygwin\jdk8u5\2488\hotspot\src\share\vm\prims\jvm.cpp, line 1248]

Events (10 events):
Event: 25.310 loading class org/testng/reporters/EmailableReporter2$TestResult$1
Event: 25.310 loading class org/testng/reporters/EmailableReporter2$TestResult$1 done
Event: 25.310 loading class org/testng/reporters/EmailableReporter2$MethodResult
Event: 25.310 loading class org/testng/reporters/EmailableReporter2$MethodResult done
Event: 25.311 loading class org/testng/reporters/EmailableReporter2$ClassResult
Event: 25.311 loading class org/testng/reporters/EmailableReporter2$ClassResult done
Event: 25.319 loading class org/testng/reporters/JUnitReportReporter$TestTag
Event: 25.319 loading class org/testng/reporters/JUnitReportReporter$TestTag done
Event: 25.321 loading class java/text/DigitList$1
Event: 25.321 loading class java/text/DigitList$1 done


Dynamic libraries:
0x000000013fda0000 - 0x000000013fdd4000 	C:\Program Files\Java\jdk1.8.0_05\jre\bin\java.exe
0x0000000077b40000 - 0x0000000077ce9000 	C:\Windows\SYSTEM32\ntdll.dll
0x0000000077a20000 - 0x0000000077b3f000 	C:\Windows\system32\kernel32.dll
0x000007fefdbe0000 - 0x000007fefdc4c000 	C:\Windows\system32\KERNELBASE.dll
0x000007fefdcb0000 - 0x000007fefdd8b000 	C:\Windows\system32\ADVAPI32.dll
0x000007fefe3e0000 - 0x000007fefe47f000 	C:\Windows\system32\msvcrt.dll
0x000007feffd10000 - 0x000007feffd2f000 	C:\Windows\SYSTEM32\sechost.dll
0x000007feffab0000 - 0x000007feffbdd000 	C:\Windows\system32\RPCRT4.dll
0x0000000077920000 - 0x0000000077a1a000 	C:\Windows\system32\USER32.dll
0x000007fefe2d0000 - 0x000007fefe337000 	C:\Windows\system32\GDI32.dll
0x000007feffd00000 - 0x000007feffd0e000 	C:\Windows\system32\LPK.dll
0x000007feffc00000 - 0x000007feffcc9000 	C:\Windows\system32\USP10.dll
0x000007fefc2c0000 - 0x000007fefc4b4000 	C:\Windows\WinSxS\amd64_microsoft.windows.common-controls_6595b64144ccf1df_6.0.7601.18837_none_fa3b1e3d17594757\COMCTL32.dll
0x000007fefdd90000 - 0x000007fefde01000 	C:\Windows\system32\SHLWAPI.dll
0x000007feffcd0000 - 0x000007feffcfe000 	C:\Windows\system32\IMM32.DLL
0x000007feff7b0000 - 0x000007feff8b9000 	C:\Windows\system32\MSCTF.dll
0x00000000589e0000 - 0x0000000058ab2000 	C:\Program Files\Java\jdk1.8.0_05\jre\bin\msvcr100.dll
0x0000000057a60000 - 0x000000005828a000 	C:\Program Files\Java\jdk1.8.0_05\jre\bin\server\jvm.dll
0x000007fef9df0000 - 0x000007fef9df9000 	C:\Windows\system32\WSOCK32.dll
0x000007fefe480000 - 0x000007fefe4cd000 	C:\Windows\system32\WS2_32.dll
0x000007feffaa0000 - 0x000007feffaa8000 	C:\Windows\system32\NSI.dll
0x000007fef6d80000 - 0x000007fef6dbb000 	C:\Windows\system32\WINMM.dll
0x0000000077d10000 - 0x0000000077d17000 	C:\Windows\system32\PSAPI.DLL
0x00000000649c0000 - 0x00000000649cf000 	C:\Program Files\Java\jdk1.8.0_05\jre\bin\verify.dll
0x00000000605c0000 - 0x00000000605e8000 	C:\Program Files\Java\jdk1.8.0_05\jre\bin\java.dll
0x000000005ef00000 - 0x000000005ef16000 	C:\Program Files\Java\jdk1.8.0_05\jre\bin\zip.dll
0x000007fefea20000 - 0x000007feff7a9000 	C:\Windows\system32\SHELL32.dll
0x000007fefe730000 - 0x000007fefe933000 	C:\Windows\system32\ole32.dll
0x000007fefd8f0000 - 0x000007fefd8ff000 	C:\Windows\system32\profapi.dll
0x000007fefd0f0000 - 0x000007fefd108000 	C:\Windows\system32\CRYPTSP.dll
0x000007fefcdf0000 - 0x000007fefce37000 	C:\Windows\system32\rsaenh.dll
0x000007fefdb10000 - 0x000007fefdb2e000 	C:\Windows\system32\USERENV.dll
0x000007fefd750000 - 0x000007fefd75f000 	C:\Windows\system32\CRYPTBASE.dll
0x0000000001be0000 - 0x0000000001bfa000 	C:\Program Files\Java\jdk1.8.0_05\jre\bin\net.dll
0x000007fefd090000 - 0x000007fefd0e5000 	C:\Windows\system32\mswsock.dll
0x000007fefd080000 - 0x000007fefd087000 	C:\Windows\System32\wship6.dll
0x000007fefb440000 - 0x000007fefb467000 	C:\Windows\system32\IPHLPAPI.DLL
0x000007fefb430000 - 0x000007fefb43b000 	C:\Windows\system32\WINNSI.DLL
0x000007fefb2c0000 - 0x000007fefb2d1000 	C:\Windows\system32\dhcpcsvc6.DLL
0x000007fefb2a0000 - 0x000007fefb2b8000 	C:\Windows\system32\dhcpcsvc.DLL
0x00000000589c0000 - 0x00000000589d1000 	C:\Program Files\Java\jdk1.8.0_05\jre\bin\nio.dll
0x000007fefb6e0000 - 0x000007fefb6f5000 	C:\Windows\system32\NLAapi.dll
0x000007fefa160000 - 0x000007fefa175000 	C:\Windows\system32\napinsp.dll
0x000007fefa140000 - 0x000007fefa159000 	C:\Windows\system32\pnrpnsp.dll
0x000007fefcf10000 - 0x000007fefcf6b000 	C:\Windows\system32\DNSAPI.dll
0x000007fef9fb0000 - 0x000007fef9fbb000 	C:\Windows\System32\winrnr.dll
0x000007fefcab0000 - 0x000007fefcab7000 	C:\Windows\System32\wshtcpip.dll
0x000007fef9f80000 - 0x000007fef9f88000 	C:\Windows\system32\rasadhlp.dll
0x000007fefb2f0000 - 0x000007fefb343000 	C:\Windows\System32\fwpuclnt.dll
0x000000006d580000 - 0x000000006d63d000 	C:\Users\Stephen\AppData\Local\Temp\sqlite-3.8.11.2-73f73ceb-caca-4ceb-9166-b8a2585dc738-sqlitejdbc.dll

VM Arguments:
java_command: C:\Users\Stephen\Desktop\CSProj_GIT\HDANoidTranslation\target\surefire\surefirebooter8162836355589069516.jar C:\Users\Stephen\Desktop\CSProj_GIT\HDANoidTranslation\target\surefire\surefire7991687391297900071tmp C:\Users\Stephen\Desktop\CSProj_GIT\HDANoidTranslation\target\surefire\surefire8056461625931578932tmp
java_class_path (initial): C:\Users\Stephen\Desktop\CSProj_GIT\HDANoidTranslation\target\surefire\surefirebooter8162836355589069516.jar
Launcher Type: SUN_STANDARD

Environment Variables:
JAVA_HOME=C:\Program Files\Java\jdk1.8.0_05
PATH=C:\ProgramData\Oracle\Java\javapath;C:\Windows\system32;C:\Windows;C:\Windows\System32\Wbem;C:\Windows\System32\WindowsPowerShell\v1.0\;C:\Program Files\Microsoft SQL Server\110\Tools\Binn\;C:\Program Files (x86)\Microsoft SQL Server\100\Tools\Binn\;C:\Program Files\Microsoft SQL Server\100\Tools\Binn\;C:\Program Files\Microsoft SQL Server\100\DTS\Binn\;C:\Program Files (x86)\Microsoft SQL Server\100\Tools\Binn\VSShell\Common7\IDE\;C:\Program Files (x86)\Microsoft Visual Studio 9.0\Common7\IDE\PrivateAssemblies\;C:\Program Files (x86)\Microsoft SQL Server\100\DTS\Binn\;C:\Program Files (x86)\Windows Kits\8.1\Windows Performance Toolkit\;C:\Program Files (x86)\Microsoft SDKs\TypeScript\1.0\;C:\Program Files (x86)\GNU\GnuPG\pub;C:\Program Files\Microsoft\Web Platform Installer\
USERNAME=Stephen
OS=Windows_NT
PROCESSOR_IDENTIFIER=Intel64 Family 6 Model 60 Stepping 3, GenuineIntel



---------------  S Y S T E M  ---------------

OS: Windows 7 , 64 bit Build 7601 Service Pack 1

CPU:total 4 (4 cores per cpu, 1 threads per core) family 6 model 60 stepping 3, cmov, cx8, fxsr, mmx, sse, sse2, sse3, ssse3, sse4.1, sse4.2, popcnt, avx, aes, clmul, erms, tsc, tscinvbit

Memory: 4k page, physical 8388088k(241948k free), swap 10483400k(5104k free)

vm_info: Java HotSpot(TM) 64-Bit Server VM (25.5-b02) for windows-amd64 JRE (1.8.0_05-b13), built on Mar 18 2014 01:08:39 by "java_re" with MS VC++ 10.0 (VS2010)

time: Mon Dec 14 22:28:41 2015
elapsed time: 25 seconds

